hp-check[3475]: info: :
hp-check[3475]: info: :[01mHP Linux Imaging and Printing System (ver. 3.16.3)[0m
hp-check[3475]: info: :[01mDependency/Version Check Utility ver. 15.1[0m
hp-check[3475]: info: :
hp-check[3475]: info: :Copyright (c) 2001-15 HP Development Company, LP
hp-check[3475]: info: :This software comes with ABSOLUTELY NO WARRANTY.
hp-check[3475]: info: :This is free software, and you are welcome to distribute it
hp-check[3475]: info: :under certain conditions. See COPYING file for more details.
hp-check[3475]: info: :
hp-check[3475]: info: :[01mNote: hp-check can be run in three modes:[0m
hp-check[3475]: info: :1. Compile-time check mode (-c or --compile): Use this mode before compiling the HPLIP supplied tarball (.tar.gz or .run) to determine if the  
hp-check[3475]: info: :proper dependencies are installed to successfully compile HPLIP.                                                                               
hp-check[3475]: info: :2. Run-time check mode (-r or --run): Use this mode to determine if a distro supplied package (.deb, .rpm, etc) or an already built HPLIP      
hp-check[3475]: info: :supplied tarball has the proper dependencies installed to successfully run.                                                                    
hp-check[3475]: info: :3. Both compile- and run-time check mode (-b or --both) (Default): This mode will check both of the above cases (both compile- and run-time    
hp-check[3475]: info: :dependencies).                                                                                                                                 
hp-check[3475]: info: :
hp-check[3475]: info: :Check types:                                                                                                                                   
hp-check[3475]: info: :a. EXTERNALDEP - External Dependencies                                                                                                         
hp-check[3475]: info: :b. GENERALDEP - General Dependencies (required both at compile and run time)                                                                   
hp-check[3475]: info: :c. COMPILEDEP - Compile time Dependencies                                                                                                      
hp-check[3475]: info: :d. [All are run-time checks]                                                                                                                   
hp-check[3475]: info: :PYEXT SCANCONF QUEUES PERMISSION                                                                                                               
hp-check[3475]: info: :
hp-check[3475]: info: :Status Types:
hp-check[3475]: info: :    OK
hp-check[3475]: info: :    MISSING       - Missing Dependency or Permission or Plug-in
hp-check[3475]: info: :    INCOMPAT      - Incompatible dependency-version or Plugin-version
hp-check[3475]: info: :
error: User exit
hp-check[3475]: info: :
hp-check[3475]: info: :Done.
